<?xml version="1.0" encoding="UTF-8"?>
<!-- Generated by org.testng.reporters.JUnitReportReporter -->
<testsuite hostname="LAPTOP-ABGB6O97" failures="0" tests="1" name="Test.BaseTest" time="0.019" errors="0" timestamp="2023-12-03T23:05:37 IST" skipped="0">
  <testcase classname="Test.BaseTest" name="f" time="0.019"/>
  <system-out/>
</testsuite> <!-- Test.BaseTest -->
